[0.953s] Invoking command in '/home/mario/Documentos/Robotica de servicios/ros2_ws/src/robot_camarero': DEBUGINFOD_URLS=https://debuginfod.ubuntu.com PYTHONPATH=/home/mario/Documentos/Robotica de servicios/ros2_ws/build/robot_camarero/prefix_override:/usr/lib/python3/dist-packages/colcon_core/task/python/colcon_distutils_commands:/home/mario/Documentos/Robotica de servicios/ros2_ws/install/robot_camarero/lib/python3.12/site-packages:${PYTHONPATH} /usr/bin/python3 -W ignore:setup.py install is deprecated -W ignore:easy_install command is deprecated setup.py egg_info --egg-base ../../build/robot_camarero build --build-base /home/mario/Documentos/Robotica de servicios/ros2_ws/build/robot_camarero/build install --record /home/mario/Documentos/Robotica de servicios/ros2_ws/build/robot_camarero/install.log --single-version-externally-managed install_data
[1.241s] running egg_info
[1.261s] writing ../../build/robot_camarero/robot_camarero.egg-info/PKG-INFO
[1.262s] writing dependency_links to ../../build/robot_camarero/robot_camarero.egg-info/dependency_links.txt
[1.262s] writing entry points to ../../build/robot_camarero/robot_camarero.egg-info/entry_points.txt
[1.262s] writing requirements to ../../build/robot_camarero/robot_camarero.egg-info/requires.txt
[1.262s] writing top-level names to ../../build/robot_camarero/robot_camarero.egg-info/top_level.txt
[1.303s] reading manifest file '../../build/robot_camarero/robot_camarero.egg-info/SOURCES.txt'
[1.304s] writing manifest file '../../build/robot_camarero/robot_camarero.egg-info/SOURCES.txt'
[1.304s] running build
[1.304s] running build_py
[1.304s] copying robot_camarero/turte.py -> /home/mario/Documentos/Robotica de servicios/ros2_ws/build/robot_camarero/build/lib/robot_camarero
[1.305s] running install
[1.312s] running install_lib
[1.333s] copying /home/mario/Documentos/Robotica de servicios/ros2_ws/build/robot_camarero/build/lib/robot_camarero/turte.py -> /home/mario/Documentos/Robotica de servicios/ros2_ws/install/robot_camarero/lib/python3.12/site-packages/robot_camarero
[1.334s] byte-compiling /home/mario/Documentos/Robotica de servicios/ros2_ws/install/robot_camarero/lib/python3.12/site-packages/robot_camarero/turte.py to turte.cpython-312.pyc
[1.335s] running install_data
[1.335s] running install_egg_info
[1.357s] removing '/home/mario/Documentos/Robotica de servicios/ros2_ws/install/robot_camarero/lib/python3.12/site-packages/robot_camarero-0.0.0-py3.12.egg-info' (and everything under it)
[1.357s] Copying ../../build/robot_camarero/robot_camarero.egg-info to /home/mario/Documentos/Robotica de servicios/ros2_ws/install/robot_camarero/lib/python3.12/site-packages/robot_camarero-0.0.0-py3.12.egg-info
[1.358s] running install_scripts
[1.498s] Installing run_camarero script to /home/mario/Documentos/Robotica de servicios/ros2_ws/install/robot_camarero/lib/robot_camarero
[1.499s] writing list of installed files to '/home/mario/Documentos/Robotica de servicios/ros2_ws/build/robot_camarero/install.log'
[1.577s] Invoked command in '/home/mario/Documentos/Robotica de servicios/ros2_ws/src/robot_camarero' returned '0': DEBUGINFOD_URLS=https://debuginfod.ubuntu.com PYTHONPATH=/home/mario/Documentos/Robotica de servicios/ros2_ws/build/robot_camarero/prefix_override:/usr/lib/python3/dist-packages/colcon_core/task/python/colcon_distutils_commands:/home/mario/Documentos/Robotica de servicios/ros2_ws/install/robot_camarero/lib/python3.12/site-packages:${PYTHONPATH} /usr/bin/python3 -W ignore:setup.py install is deprecated -W ignore:easy_install command is deprecated setup.py egg_info --egg-base ../../build/robot_camarero build --build-base /home/mario/Documentos/Robotica de servicios/ros2_ws/build/robot_camarero/build install --record /home/mario/Documentos/Robotica de servicios/ros2_ws/build/robot_camarero/install.log --single-version-externally-managed install_data
