[2.084s] Invoking command in '/home/mario/Documentos/Robotica de servicios/ros2_ws/src/robot_camarero': DEBUGINFOD_URLS=https://debuginfod.ubuntu.com PYTHONPATH=/home/mario/Documentos/Robotica de servicios/ros2_ws/build/robot_camarero/prefix_override:/usr/lib/python3/dist-packages/colcon_core/task/python/colcon_distutils_commands:/home/mario/Documentos/Robotica de servicios/ros2_ws/install/robot_camarero/lib/python3.12/site-packages:${PYTHONPATH} /usr/bin/python3 -W ignore:setup.py install is deprecated -W ignore:easy_install command is deprecated setup.py egg_info --egg-base ../../build/robot_camarero build --build-base /home/mario/Documentos/Robotica de servicios/ros2_ws/build/robot_camarero/build install --record /home/mario/Documentos/Robotica de servicios/ros2_ws/build/robot_camarero/install.log --single-version-externally-managed install_data
[2.750s] running egg_info
[2.799s] writing ../../build/robot_camarero/robot_camarero.egg-info/PKG-INFO
[2.799s] writing dependency_links to ../../build/robot_camarero/robot_camarero.egg-info/dependency_links.txt
[2.800s] writing entry points to ../../build/robot_camarero/robot_camarero.egg-info/entry_points.txt
[2.800s] writing requirements to ../../build/robot_camarero/robot_camarero.egg-info/requires.txt
[2.800s] writing top-level names to ../../build/robot_camarero/robot_camarero.egg-info/top_level.txt
[2.902s] reading manifest file '../../build/robot_camarero/robot_camarero.egg-info/SOURCES.txt'
[2.904s] writing manifest file '../../build/robot_camarero/robot_camarero.egg-info/SOURCES.txt'
[2.904s] running build
[2.904s] running build_py
[2.904s] copying robot_camarero/turte_sim.py -> /home/mario/Documentos/Robotica de servicios/ros2_ws/build/robot_camarero/build/lib/robot_camarero
[2.905s] copying robot_camarero/turte_real.py -> /home/mario/Documentos/Robotica de servicios/ros2_ws/build/robot_camarero/build/lib/robot_camarero
[2.906s] running install
[2.922s] running install_lib
[2.974s] copying /home/mario/Documentos/Robotica de servicios/ros2_ws/build/robot_camarero/build/lib/robot_camarero/turte_sim.py -> /home/mario/Documentos/Robotica de servicios/ros2_ws/install/robot_camarero/lib/python3.12/site-packages/robot_camarero
[2.974s] copying /home/mario/Documentos/Robotica de servicios/ros2_ws/build/robot_camarero/build/lib/robot_camarero/turte_real.py -> /home/mario/Documentos/Robotica de servicios/ros2_ws/install/robot_camarero/lib/python3.12/site-packages/robot_camarero
[2.975s] byte-compiling /home/mario/Documentos/Robotica de servicios/ros2_ws/install/robot_camarero/lib/python3.12/site-packages/robot_camarero/turte_sim.py to turte_sim.cpython-312.pyc
[2.978s] byte-compiling /home/mario/Documentos/Robotica de servicios/ros2_ws/install/robot_camarero/lib/python3.12/site-packages/robot_camarero/turte_real.py to turte_real.cpython-312.pyc
[2.981s] running install_data
[2.981s] copying launch/run_real.launch.py -> /home/mario/Documentos/Robotica de servicios/ros2_ws/install/robot_camarero/share/robot_camarero/launch
[2.982s] copying launch/run_sim.launch.py -> /home/mario/Documentos/Robotica de servicios/ros2_ws/install/robot_camarero/share/robot_camarero/launch
[2.982s] running install_egg_info
[3.035s] removing '/home/mario/Documentos/Robotica de servicios/ros2_ws/install/robot_camarero/lib/python3.12/site-packages/robot_camarero-0.0.0-py3.12.egg-info' (and everything under it)
[3.036s] Copying ../../build/robot_camarero/robot_camarero.egg-info to /home/mario/Documentos/Robotica de servicios/ros2_ws/install/robot_camarero/lib/python3.12/site-packages/robot_camarero-0.0.0-py3.12.egg-info
[3.038s] running install_scripts
[3.375s] Installing turte_real script to /home/mario/Documentos/Robotica de servicios/ros2_ws/install/robot_camarero/lib/robot_camarero
[3.375s] Installing turte_sim script to /home/mario/Documentos/Robotica de servicios/ros2_ws/install/robot_camarero/lib/robot_camarero
[3.376s] writing list of installed files to '/home/mario/Documentos/Robotica de servicios/ros2_ws/build/robot_camarero/install.log'
[3.445s] Invoked command in '/home/mario/Documentos/Robotica de servicios/ros2_ws/src/robot_camarero' returned '0': DEBUGINFOD_URLS=https://debuginfod.ubuntu.com PYTHONPATH=/home/mario/Documentos/Robotica de servicios/ros2_ws/build/robot_camarero/prefix_override:/usr/lib/python3/dist-packages/colcon_core/task/python/colcon_distutils_commands:/home/mario/Documentos/Robotica de servicios/ros2_ws/install/robot_camarero/lib/python3.12/site-packages:${PYTHONPATH} /usr/bin/python3 -W ignore:setup.py install is deprecated -W ignore:easy_install command is deprecated setup.py egg_info --egg-base ../../build/robot_camarero build --build-base /home/mario/Documentos/Robotica de servicios/ros2_ws/build/robot_camarero/build install --record /home/mario/Documentos/Robotica de servicios/ros2_ws/build/robot_camarero/install.log --single-version-externally-managed install_data
