[1.408s] Invoking command in '/home/mario/Documentos/Robotica de servicios/ros2_ws/src/robot_camarero': DEBUGINFOD_URLS=https://debuginfod.ubuntu.com PYTHONPATH=/home/mario/Documentos/Robotica de servicios/ros2_ws/build/robot_camarero/prefix_override:/usr/lib/python3/dist-packages/colcon_core/task/python/colcon_distutils_commands:/home/mario/Documentos/Robotica de servicios/ros2_ws/install/robot_camarero/lib/python3.12/site-packages:${PYTHONPATH} /usr/bin/python3 -W ignore:setup.py install is deprecated -W ignore:easy_install command is deprecated setup.py egg_info --egg-base ../../build/robot_camarero build --build-base /home/mario/Documentos/Robotica de servicios/ros2_ws/build/robot_camarero/build install --record /home/mario/Documentos/Robotica de servicios/ros2_ws/build/robot_camarero/install.log --single-version-externally-managed install_data
[1.874s] running egg_info
[1.908s] writing ../../build/robot_camarero/robot_camarero.egg-info/PKG-INFO
[1.908s] writing dependency_links to ../../build/robot_camarero/robot_camarero.egg-info/dependency_links.txt
[1.908s] writing entry points to ../../build/robot_camarero/robot_camarero.egg-info/entry_points.txt
[1.909s] writing requirements to ../../build/robot_camarero/robot_camarero.egg-info/requires.txt
[1.909s] writing top-level names to ../../build/robot_camarero/robot_camarero.egg-info/top_level.txt
[1.980s] reading manifest file '../../build/robot_camarero/robot_camarero.egg-info/SOURCES.txt'
[1.981s] writing manifest file '../../build/robot_camarero/robot_camarero.egg-info/SOURCES.txt'
[1.981s] running build
[1.981s] running build_py
[1.982s] running install
[1.993s] running install_lib
[2.029s] running install_data
[2.030s] copying launch/run.launch.py -> /home/mario/Documentos/Robotica de servicios/ros2_ws/install/robot_camarero/share/robot_camarero/launch
[2.030s] running install_egg_info
[2.066s] removing '/home/mario/Documentos/Robotica de servicios/ros2_ws/install/robot_camarero/lib/python3.12/site-packages/robot_camarero-0.0.0-py3.12.egg-info' (and everything under it)
[2.067s] Copying ../../build/robot_camarero/robot_camarero.egg-info to /home/mario/Documentos/Robotica de servicios/ros2_ws/install/robot_camarero/lib/python3.12/site-packages/robot_camarero-0.0.0-py3.12.egg-info
[2.068s] running install_scripts
[2.306s] Installing turte script to /home/mario/Documentos/Robotica de servicios/ros2_ws/install/robot_camarero/lib/robot_camarero
[2.307s] writing list of installed files to '/home/mario/Documentos/Robotica de servicios/ros2_ws/build/robot_camarero/install.log'
[2.363s] Invoked command in '/home/mario/Documentos/Robotica de servicios/ros2_ws/src/robot_camarero' returned '0': DEBUGINFOD_URLS=https://debuginfod.ubuntu.com PYTHONPATH=/home/mario/Documentos/Robotica de servicios/ros2_ws/build/robot_camarero/prefix_override:/usr/lib/python3/dist-packages/colcon_core/task/python/colcon_distutils_commands:/home/mario/Documentos/Robotica de servicios/ros2_ws/install/robot_camarero/lib/python3.12/site-packages:${PYTHONPATH} /usr/bin/python3 -W ignore:setup.py install is deprecated -W ignore:easy_install command is deprecated setup.py egg_info --egg-base ../../build/robot_camarero build --build-base /home/mario/Documentos/Robotica de servicios/ros2_ws/build/robot_camarero/build install --record /home/mario/Documentos/Robotica de servicios/ros2_ws/build/robot_camarero/install.log --single-version-externally-managed install_data
