[0.938s] Invoking command in '/home/mario/Documentos/Robotica de servicios/ros2_ws/src/robot_camarero': DEBUGINFOD_URLS=https://debuginfod.ubuntu.com PYTHONPATH=/home/mario/Documentos/Robotica de servicios/ros2_ws/build/robot_camarero/prefix_override:/usr/lib/python3/dist-packages/colcon_core/task/python/colcon_distutils_commands:/home/mario/Documentos/Robotica de servicios/ros2_ws/install/robot_camarero/lib/python3.12/site-packages:${PYTHONPATH} /usr/bin/python3 -W ignore:setup.py install is deprecated -W ignore:easy_install command is deprecated setup.py egg_info --egg-base ../../build/robot_camarero build --build-base /home/mario/Documentos/Robotica de servicios/ros2_ws/build/robot_camarero/build install --record /home/mario/Documentos/Robotica de servicios/ros2_ws/build/robot_camarero/install.log --single-version-externally-managed install_data
[1.207s] running egg_info
[1.228s] writing ../../build/robot_camarero/robot_camarero.egg-info/PKG-INFO
[1.228s] writing dependency_links to ../../build/robot_camarero/robot_camarero.egg-info/dependency_links.txt
[1.229s] writing entry points to ../../build/robot_camarero/robot_camarero.egg-info/entry_points.txt
[1.229s] writing requirements to ../../build/robot_camarero/robot_camarero.egg-info/requires.txt
[1.229s] writing top-level names to ../../build/robot_camarero/robot_camarero.egg-info/top_level.txt
[1.268s] reading manifest file '../../build/robot_camarero/robot_camarero.egg-info/SOURCES.txt'
[1.269s] writing manifest file '../../build/robot_camarero/robot_camarero.egg-info/SOURCES.txt'
[1.269s] running build
[1.269s] running build_py
[1.270s] copying robot_camarero/turte.py -> /home/mario/Documentos/Robotica de servicios/ros2_ws/build/robot_camarero/build/lib/robot_camarero
[1.270s] running install
[1.276s] running install_lib
[1.295s] copying /home/mario/Documentos/Robotica de servicios/ros2_ws/build/robot_camarero/build/lib/robot_camarero/turte.py -> /home/mario/Documentos/Robotica de servicios/ros2_ws/install/robot_camarero/lib/python3.12/site-packages/robot_camarero
[1.296s] byte-compiling /home/mario/Documentos/Robotica de servicios/ros2_ws/install/robot_camarero/lib/python3.12/site-packages/robot_camarero/turte.py to turte.cpython-312.pyc
[1.297s] running install_data
[1.298s] running install_egg_info
[1.321s] removing '/home/mario/Documentos/Robotica de servicios/ros2_ws/install/robot_camarero/lib/python3.12/site-packages/robot_camarero-0.0.0-py3.12.egg-info' (and everything under it)
[1.322s] Copying ../../build/robot_camarero/robot_camarero.egg-info to /home/mario/Documentos/Robotica de servicios/ros2_ws/install/robot_camarero/lib/python3.12/site-packages/robot_camarero-0.0.0-py3.12.egg-info
[1.323s] running install_scripts
[1.466s] Installing run_camarero script to /home/mario/Documentos/Robotica de servicios/ros2_ws/install/robot_camarero/lib/robot_camarero
[1.466s] writing list of installed files to '/home/mario/Documentos/Robotica de servicios/ros2_ws/build/robot_camarero/install.log'
[1.534s] Invoked command in '/home/mario/Documentos/Robotica de servicios/ros2_ws/src/robot_camarero' returned '0': DEBUGINFOD_URLS=https://debuginfod.ubuntu.com PYTHONPATH=/home/mario/Documentos/Robotica de servicios/ros2_ws/build/robot_camarero/prefix_override:/usr/lib/python3/dist-packages/colcon_core/task/python/colcon_distutils_commands:/home/mario/Documentos/Robotica de servicios/ros2_ws/install/robot_camarero/lib/python3.12/site-packages:${PYTHONPATH} /usr/bin/python3 -W ignore:setup.py install is deprecated -W ignore:easy_install command is deprecated setup.py egg_info --egg-base ../../build/robot_camarero build --build-base /home/mario/Documentos/Robotica de servicios/ros2_ws/build/robot_camarero/build install --record /home/mario/Documentos/Robotica de servicios/ros2_ws/build/robot_camarero/install.log --single-version-externally-managed install_data
