[2.459s] Invoking command in '/home/mario/Documentos/Robotica de servicios/ros2_ws/src/robot_camarero': DEBUGINFOD_URLS=https://debuginfod.ubuntu.com PYTHONPATH=/home/mario/Documentos/Robotica de servicios/ros2_ws/build/robot_camarero/prefix_override:/usr/lib/python3/dist-packages/colcon_core/task/python/colcon_distutils_commands:/home/mario/Documentos/Robotica de servicios/ros2_ws/install/robot_camarero/lib/python3.12/site-packages:${PYTHONPATH} /usr/bin/python3 -W ignore:setup.py install is deprecated -W ignore:easy_install command is deprecated setup.py egg_info --egg-base ../../build/robot_camarero build --build-base /home/mario/Documentos/Robotica de servicios/ros2_ws/build/robot_camarero/build install --record /home/mario/Documentos/Robotica de servicios/ros2_ws/build/robot_camarero/install.log --single-version-externally-managed install_data
[3.156s] running egg_info
[3.205s] writing ../../build/robot_camarero/robot_camarero.egg-info/PKG-INFO
[3.205s] writing dependency_links to ../../build/robot_camarero/robot_camarero.egg-info/dependency_links.txt
[3.206s] writing entry points to ../../build/robot_camarero/robot_camarero.egg-info/entry_points.txt
[3.206s] writing requirements to ../../build/robot_camarero/robot_camarero.egg-info/requires.txt
[3.207s] writing top-level names to ../../build/robot_camarero/robot_camarero.egg-info/top_level.txt
[3.308s] reading manifest file '../../build/robot_camarero/robot_camarero.egg-info/SOURCES.txt'
[3.310s] writing manifest file '../../build/robot_camarero/robot_camarero.egg-info/SOURCES.txt'
[3.310s] running build
[3.311s] running build_py
[3.311s] copying robot_camarero/turte.py -> /home/mario/Documentos/Robotica de servicios/ros2_ws/build/robot_camarero/build/lib/robot_camarero
[3.311s] running install
[3.330s] running install_lib
[3.380s] copying /home/mario/Documentos/Robotica de servicios/ros2_ws/build/robot_camarero/build/lib/robot_camarero/turte.py -> /home/mario/Documentos/Robotica de servicios/ros2_ws/install/robot_camarero/lib/python3.12/site-packages/robot_camarero
[3.381s] byte-compiling /home/mario/Documentos/Robotica de servicios/ros2_ws/install/robot_camarero/lib/python3.12/site-packages/robot_camarero/turte.py to turte.cpython-312.pyc
[3.385s] running install_data
[3.385s] running install_egg_info
[3.439s] removing '/home/mario/Documentos/Robotica de servicios/ros2_ws/install/robot_camarero/lib/python3.12/site-packages/robot_camarero-0.0.0-py3.12.egg-info' (and everything under it)
[3.440s] Copying ../../build/robot_camarero/robot_camarero.egg-info to /home/mario/Documentos/Robotica de servicios/ros2_ws/install/robot_camarero/lib/python3.12/site-packages/robot_camarero-0.0.0-py3.12.egg-info
[3.443s] running install_scripts
[3.790s] Installing turte script to /home/mario/Documentos/Robotica de servicios/ros2_ws/install/robot_camarero/lib/robot_camarero
[3.791s] writing list of installed files to '/home/mario/Documentos/Robotica de servicios/ros2_ws/build/robot_camarero/install.log'
[3.865s] Invoked command in '/home/mario/Documentos/Robotica de servicios/ros2_ws/src/robot_camarero' returned '0': DEBUGINFOD_URLS=https://debuginfod.ubuntu.com PYTHONPATH=/home/mario/Documentos/Robotica de servicios/ros2_ws/build/robot_camarero/prefix_override:/usr/lib/python3/dist-packages/colcon_core/task/python/colcon_distutils_commands:/home/mario/Documentos/Robotica de servicios/ros2_ws/install/robot_camarero/lib/python3.12/site-packages:${PYTHONPATH} /usr/bin/python3 -W ignore:setup.py install is deprecated -W ignore:easy_install command is deprecated setup.py egg_info --egg-base ../../build/robot_camarero build --build-base /home/mario/Documentos/Robotica de servicios/ros2_ws/build/robot_camarero/build install --record /home/mario/Documentos/Robotica de servicios/ros2_ws/build/robot_camarero/install.log --single-version-externally-managed install_data
