[1.448s] Invoking command in '/home/mario/Documentos/Robotica de servicios/ros2_ws/src/robot_camarero': DEBUGINFOD_URLS=https://debuginfod.ubuntu.com PYTHONPATH=/home/mario/Documentos/Robotica de servicios/ros2_ws/build/robot_camarero/prefix_override:/usr/lib/python3/dist-packages/colcon_core/task/python/colcon_distutils_commands:/home/mario/Documentos/Robotica de servicios/ros2_ws/install/robot_camarero/lib/python3.12/site-packages:${PYTHONPATH} /usr/bin/python3 -W ignore:setup.py install is deprecated -W ignore:easy_install command is deprecated setup.py egg_info --egg-base ../../build/robot_camarero build --build-base /home/mario/Documentos/Robotica de servicios/ros2_ws/build/robot_camarero/build install --record /home/mario/Documentos/Robotica de servicios/ros2_ws/build/robot_camarero/install.log --single-version-externally-managed install_data
[1.910s] running egg_info
[1.945s] writing ../../build/robot_camarero/robot_camarero.egg-info/PKG-INFO
[1.945s] writing dependency_links to ../../build/robot_camarero/robot_camarero.egg-info/dependency_links.txt
[1.946s] writing entry points to ../../build/robot_camarero/robot_camarero.egg-info/entry_points.txt
[1.946s] writing requirements to ../../build/robot_camarero/robot_camarero.egg-info/requires.txt
[1.946s] writing top-level names to ../../build/robot_camarero/robot_camarero.egg-info/top_level.txt
[2.016s] reading manifest file '../../build/robot_camarero/robot_camarero.egg-info/SOURCES.txt'
[2.017s] writing manifest file '../../build/robot_camarero/robot_camarero.egg-info/SOURCES.txt'
[2.018s] running build
[2.018s] running build_py
[2.018s] copying robot_camarero/turte.py -> /home/mario/Documentos/Robotica de servicios/ros2_ws/build/robot_camarero/build/lib/robot_camarero
[2.018s] running install
[2.030s] running install_lib
[2.064s] copying /home/mario/Documentos/Robotica de servicios/ros2_ws/build/robot_camarero/build/lib/robot_camarero/turte.py -> /home/mario/Documentos/Robotica de servicios/ros2_ws/install/robot_camarero/lib/python3.12/site-packages/robot_camarero
[2.065s] byte-compiling /home/mario/Documentos/Robotica de servicios/ros2_ws/install/robot_camarero/lib/python3.12/site-packages/robot_camarero/turte.py to turte.cpython-312.pyc
[2.068s] running install_data
[2.068s] running install_egg_info
[2.105s] removing '/home/mario/Documentos/Robotica de servicios/ros2_ws/install/robot_camarero/lib/python3.12/site-packages/robot_camarero-0.0.0-py3.12.egg-info' (and everything under it)
[2.105s] Copying ../../build/robot_camarero/robot_camarero.egg-info to /home/mario/Documentos/Robotica de servicios/ros2_ws/install/robot_camarero/lib/python3.12/site-packages/robot_camarero-0.0.0-py3.12.egg-info
[2.107s] running install_scripts
[2.345s] Installing turte script to /home/mario/Documentos/Robotica de servicios/ros2_ws/install/robot_camarero/lib/robot_camarero
[2.346s] writing list of installed files to '/home/mario/Documentos/Robotica de servicios/ros2_ws/build/robot_camarero/install.log'
[2.399s] Invoked command in '/home/mario/Documentos/Robotica de servicios/ros2_ws/src/robot_camarero' returned '0': DEBUGINFOD_URLS=https://debuginfod.ubuntu.com PYTHONPATH=/home/mario/Documentos/Robotica de servicios/ros2_ws/build/robot_camarero/prefix_override:/usr/lib/python3/dist-packages/colcon_core/task/python/colcon_distutils_commands:/home/mario/Documentos/Robotica de servicios/ros2_ws/install/robot_camarero/lib/python3.12/site-packages:${PYTHONPATH} /usr/bin/python3 -W ignore:setup.py install is deprecated -W ignore:easy_install command is deprecated setup.py egg_info --egg-base ../../build/robot_camarero build --build-base /home/mario/Documentos/Robotica de servicios/ros2_ws/build/robot_camarero/build install --record /home/mario/Documentos/Robotica de servicios/ros2_ws/build/robot_camarero/install.log --single-version-externally-managed install_data
