running egg_info
creating ../../build/robot_camarero/robot_camarero.egg-info
writing ../../build/robot_camarero/robot_camarero.egg-info/PKG-INFO
writing dependency_links to ../../build/robot_camarero/robot_camarero.egg-info/dependency_links.txt
writing requirements to ../../build/robot_camarero/robot_camarero.egg-info/requires.txt
writing top-level names to ../../build/robot_camarero/robot_camarero.egg-info/top_level.txt
writing manifest file '../../build/robot_camarero/robot_camarero.egg-info/SOURCES.txt'
reading manifest file '../../build/robot_camarero/robot_camarero.egg-info/SOURCES.txt'
writing manifest file '../../build/robot_camarero/robot_camarero.egg-info/SOURCES.txt'
running build
running build_py
creating /home/mario/Documentos/Robotica de servicios/ros2_ws/build/robot_camarero/build
creating /home/mario/Documentos/Robotica de servicios/ros2_ws/build/robot_camarero/build/lib
creating /home/mario/Documentos/Robotica de servicios/ros2_ws/build/robot_camarero/build/lib/robot_camarero
copying robot_camarero/__init__.py -> /home/mario/Documentos/Robotica de servicios/ros2_ws/build/robot_camarero/build/lib/robot_camarero
running install
running install_lib
creating /home/mario/Documentos/Robotica de servicios/ros2_ws/install/robot_camarero/lib/python3.12/site-packages/robot_camarero
copying /home/mario/Documentos/Robotica de servicios/ros2_ws/build/robot_camarero/build/lib/robot_camarero/__init__.py -> /home/mario/Documentos/Robotica de servicios/ros2_ws/install/robot_camarero/lib/python3.12/site-packages/robot_camarero
byte-compiling /home/mario/Documentos/Robotica de servicios/ros2_ws/install/robot_camarero/lib/python3.12/site-packages/robot_camarero/__init__.py to __init__.cpython-312.pyc
running install_data
creating /home/mario/Documentos/Robotica de servicios/ros2_ws/install/robot_camarero/share/ament_index
creating /home/mario/Documentos/Robotica de servicios/ros2_ws/install/robot_camarero/share/ament_index/resource_index
creating /home/mario/Documentos/Robotica de servicios/ros2_ws/install/robot_camarero/share/ament_index/resource_index/packages
copying resource/robot_camarero -> /home/mario/Documentos/Robotica de servicios/ros2_ws/install/robot_camarero/share/ament_index/resource_index/packages
copying package.xml -> /home/mario/Documentos/Robotica de servicios/ros2_ws/install/robot_camarero/share/robot_camarero
running install_egg_info
Copying ../../build/robot_camarero/robot_camarero.egg-info to /home/mario/Documentos/Robotica de servicios/ros2_ws/install/robot_camarero/lib/python3.12/site-packages/robot_camarero-0.0.0-py3.12.egg-info
running install_scripts
writing list of installed files to '/home/mario/Documentos/Robotica de servicios/ros2_ws/build/robot_camarero/install.log'
